(None, None)
(None, None)
(None, None)
(None, None)
(None, None)
(None, None)
(None, None)
(None, None)
(None, None)
__________________________________________________________________________________________________
Layer (type)                    Output Shape         Param #     Connected to                     
==================================================================================================
input_1 (InputLayer)            (None, None, None, 3 0                                            
__________________________________________________________________________________________________
lambda_1 (Lambda)               (None, None, None, 3 0           input_1[0][0]                    
__________________________________________________________________________________________________
conv1_pad (ZeroPadding2D)       (None, None, None, 3 0           lambda_1[0][0]                   
__________________________________________________________________________________________________
conv1 (Conv2D)                  (None, None, None, 6 9472        conv1_pad[0][0]                  
__________________________________________________________________________________________________
bn_conv1 (BatchNormalization)   (None, None, None, 6 256         conv1[0][0]                      
__________________________________________________________________________________________________
activation_1 (Activation)       (None, None, None, 6 0           bn_conv1[0][0]                   
__________________________________________________________________________________________________
pool1_pad (ZeroPadding2D)       (None, None, None, 6 0           activation_1[0][0]               
__________________________________________________________________________________________________
max_pooling2d_1 (MaxPooling2D)  (None, None, None, 6 0           pool1_pad[0][0]                  
__________________________________________________________________________________________________
res2a_branch2a (Conv2D)         (None, None, None, 6 4160        max_pooling2d_1[0][0]            
__________________________________________________________________________________________________
bn2a_branch2a (BatchNormalizati (None, None, None, 6 256         res2a_branch2a[0][0]             
__________________________________________________________________________________________________
activation_2 (Activation)       (None, None, None, 6 0           bn2a_branch2a[0][0]              
__________________________________________________________________________________________________
res2a_branch2b (Conv2D)         (None, None, None, 6 36928       activation_2[0][0]               
__________________________________________________________________________________________________
bn2a_branch2b (BatchNormalizati (None, None, None, 6 256         res2a_branch2b[0][0]             
__________________________________________________________________________________________________
activation_3 (Activation)       (None, None, None, 6 0           bn2a_branch2b[0][0]              
__________________________________________________________________________________________________
res2a_branch2c (Conv2D)         (None, None, None, 2 16640       activation_3[0][0]               
__________________________________________________________________________________________________
res2a_branch1 (Conv2D)          (None, None, None, 2 16640       max_pooling2d_1[0][0]            
__________________________________________________________________________________________________
bn2a_branch2c (BatchNormalizati (None, None, None, 2 1024        res2a_branch2c[0][0]             
__________________________________________________________________________________________________
bn2a_branch1 (BatchNormalizatio (None, None, None, 2 1024        res2a_branch1[0][0]              
__________________________________________________________________________________________________
add_1 (Add)                     (None, None, None, 2 0           bn2a_branch2c[0][0]              
                                                                 bn2a_branch1[0][0]               
__________________________________________________________________________________________________
activation_4 (Activation)       (None, None, None, 2 0           add_1[0][0]                      
__________________________________________________________________________________________________
res2b_branch2a (Conv2D)         (None, None, None, 6 16448       activation_4[0][0]               
__________________________________________________________________________________________________
bn2b_branch2a (BatchNormalizati (None, None, None, 6 256         res2b_branch2a[0][0]             
__________________________________________________________________________________________________
activation_5 (Activation)       (None, None, None, 6 0           bn2b_branch2a[0][0]              
__________________________________________________________________________________________________
res2b_branch2b (Conv2D)         (None, None, None, 6 36928       activation_5[0][0]               
__________________________________________________________________________________________________
bn2b_branch2b (BatchNormalizati (None, None, None, 6 256         res2b_branch2b[0][0]             
__________________________________________________________________________________________________
activation_6 (Activation)       (None, None, None, 6 0           bn2b_branch2b[0][0]              
__________________________________________________________________________________________________
res2b_branch2c (Conv2D)         (None, None, None, 2 16640       activation_6[0][0]               
__________________________________________________________________________________________________
bn2b_branch2c (BatchNormalizati (None, None, None, 2 1024        res2b_branch2c[0][0]             
__________________________________________________________________________________________________
add_2 (Add)                     (None, None, None, 2 0           bn2b_branch2c[0][0]              
                                                                 activation_4[0][0]               
__________________________________________________________________________________________________
activation_7 (Activation)       (None, None, None, 2 0           add_2[0][0]                      
__________________________________________________________________________________________________
res2c_branch2a (Conv2D)         (None, None, None, 6 16448       activation_7[0][0]               
__________________________________________________________________________________________________
bn2c_branch2a (BatchNormalizati (None, None, None, 6 256         res2c_branch2a[0][0]             
__________________________________________________________________________________________________
activation_8 (Activation)       (None, None, None, 6 0           bn2c_branch2a[0][0]              
__________________________________________________________________________________________________
res2c_branch2b (Conv2D)         (None, None, None, 6 36928       activation_8[0][0]               
__________________________________________________________________________________________________
bn2c_branch2b (BatchNormalizati (None, None, None, 6 256         res2c_branch2b[0][0]             
__________________________________________________________________________________________________
activation_9 (Activation)       (None, None, None, 6 0           bn2c_branch2b[0][0]              
__________________________________________________________________________________________________
res2c_branch2c (Conv2D)         (None, None, None, 2 16640       activation_9[0][0]               
__________________________________________________________________________________________________
bn2c_branch2c (BatchNormalizati (None, None, None, 2 1024        res2c_branch2c[0][0]             
__________________________________________________________________________________________________
add_3 (Add)                     (None, None, None, 2 0           bn2c_branch2c[0][0]              
                                                                 activation_7[0][0]               
__________________________________________________________________________________________________
activation_10 (Activation)      (None, None, None, 2 0           add_3[0][0]                      
__________________________________________________________________________________________________
res3a_branch2a (Conv2D)         (None, None, None, 1 32896       activation_10[0][0]              
__________________________________________________________________________________________________
bn3a_branch2a (BatchNormalizati (None, None, None, 1 512         res3a_branch2a[0][0]             
__________________________________________________________________________________________________
activation_11 (Activation)      (None, None, None, 1 0           bn3a_branch2a[0][0]              
__________________________________________________________________________________________________
res3a_branch2b (Conv2D)         (None, None, None, 1 147584      activation_11[0][0]              
__________________________________________________________________________________________________
bn3a_branch2b (BatchNormalizati (None, None, None, 1 512         res3a_branch2b[0][0]             
__________________________________________________________________________________________________
activation_12 (Activation)      (None, None, None, 1 0           bn3a_branch2b[0][0]              
__________________________________________________________________________________________________
res3a_branch2c (Conv2D)         (None, None, None, 5 66048       activation_12[0][0]              
__________________________________________________________________________________________________
res3a_branch1 (Conv2D)          (None, None, None, 5 131584      activation_10[0][0]              
__________________________________________________________________________________________________
bn3a_branch2c (BatchNormalizati (None, None, None, 5 2048        res3a_branch2c[0][0]             
__________________________________________________________________________________________________
bn3a_branch1 (BatchNormalizatio (None, None, None, 5 2048        res3a_branch1[0][0]              
__________________________________________________________________________________________________
add_4 (Add)                     (None, None, None, 5 0           bn3a_branch2c[0][0]              
                                                                 bn3a_branch1[0][0]               
__________________________________________________________________________________________________
activation_13 (Activation)      (None, None, None, 5 0           add_4[0][0]                      
__________________________________________________________________________________________________
res3b_branch2a (Conv2D)         (None, None, None, 1 65664       activation_13[0][0]              
__________________________________________________________________________________________________
bn3b_branch2a (BatchNormalizati (None, None, None, 1 512         res3b_branch2a[0][0]             
__________________________________________________________________________________________________
activation_14 (Activation)      (None, None, None, 1 0           bn3b_branch2a[0][0]              
__________________________________________________________________________________________________
res3b_branch2b (Conv2D)         (None, None, None, 1 147584      activation_14[0][0]              
__________________________________________________________________________________________________
bn3b_branch2b (BatchNormalizati (None, None, None, 1 512         res3b_branch2b[0][0]             
__________________________________________________________________________________________________
activation_15 (Activation)      (None, None, None, 1 0           bn3b_branch2b[0][0]              
__________________________________________________________________________________________________
res3b_branch2c (Conv2D)         (None, None, None, 5 66048       activation_15[0][0]              
__________________________________________________________________________________________________
bn3b_branch2c (BatchNormalizati (None, None, None, 5 2048        res3b_branch2c[0][0]             
__________________________________________________________________________________________________
add_5 (Add)                     (None, None, None, 5 0           bn3b_branch2c[0][0]              
                                                                 activation_13[0][0]              
__________________________________________________________________________________________________
activation_16 (Activation)      (None, None, None, 5 0           add_5[0][0]                      
__________________________________________________________________________________________________
res3c_branch2a (Conv2D)         (None, None, None, 1 65664       activation_16[0][0]              
__________________________________________________________________________________________________
bn3c_branch2a (BatchNormalizati (None, None, None, 1 512         res3c_branch2a[0][0]             
__________________________________________________________________________________________________
activation_17 (Activation)      (None, None, None, 1 0           bn3c_branch2a[0][0]              
__________________________________________________________________________________________________
res3c_branch2b (Conv2D)         (None, None, None, 1 147584      activation_17[0][0]              
__________________________________________________________________________________________________
bn3c_branch2b (BatchNormalizati (None, None, None, 1 512         res3c_branch2b[0][0]             
__________________________________________________________________________________________________
activation_18 (Activation)      (None, None, None, 1 0           bn3c_branch2b[0][0]              
__________________________________________________________________________________________________
res3c_branch2c (Conv2D)         (None, None, None, 5 66048       activation_18[0][0]              
__________________________________________________________________________________________________
bn3c_branch2c (BatchNormalizati (None, None, None, 5 2048        res3c_branch2c[0][0]             
__________________________________________________________________________________________________
add_6 (Add)                     (None, None, None, 5 0           bn3c_branch2c[0][0]              
                                                                 activation_16[0][0]              
__________________________________________________________________________________________________
activation_19 (Activation)      (None, None, None, 5 0           add_6[0][0]                      
__________________________________________________________________________________________________
res3d_branch2a (Conv2D)         (None, None, None, 1 65664       activation_19[0][0]              
__________________________________________________________________________________________________
bn3d_branch2a (BatchNormalizati (None, None, None, 1 512         res3d_branch2a[0][0]             
__________________________________________________________________________________________________
activation_20 (Activation)      (None, None, None, 1 0           bn3d_branch2a[0][0]              
__________________________________________________________________________________________________
res3d_branch2b (Conv2D)         (None, None, None, 1 147584      activation_20[0][0]              
__________________________________________________________________________________________________
bn3d_branch2b (BatchNormalizati (None, None, None, 1 512         res3d_branch2b[0][0]             
__________________________________________________________________________________________________
activation_21 (Activation)      (None, None, None, 1 0           bn3d_branch2b[0][0]              
__________________________________________________________________________________________________
res3d_branch2c (Conv2D)         (None, None, None, 5 66048       activation_21[0][0]              
__________________________________________________________________________________________________
bn3d_branch2c (BatchNormalizati (None, None, None, 5 2048        res3d_branch2c[0][0]             
__________________________________________________________________________________________________
add_7 (Add)                     (None, None, None, 5 0           bn3d_branch2c[0][0]              
                                                                 activation_19[0][0]              
__________________________________________________________________________________________________
activation_22 (Activation)      (None, None, None, 5 0           add_7[0][0]                      
__________________________________________________________________________________________________
res4a_branch2a (Conv2D)         (None, None, None, 2 131328      activation_22[0][0]              
__________________________________________________________________________________________________
bn4a_branch2a (BatchNormalizati (None, None, None, 2 1024        res4a_branch2a[0][0]             
__________________________________________________________________________________________________
activation_23 (Activation)      (None, None, None, 2 0           bn4a_branch2a[0][0]              
__________________________________________________________________________________________________
res4a_branch2b (Conv2D)         (None, None, None, 2 590080      activation_23[0][0]              
__________________________________________________________________________________________________
bn4a_branch2b (BatchNormalizati (None, None, None, 2 1024        res4a_branch2b[0][0]             
__________________________________________________________________________________________________
activation_24 (Activation)      (None, None, None, 2 0           bn4a_branch2b[0][0]              
__________________________________________________________________________________________________
res4a_branch2c (Conv2D)         (None, None, None, 1 263168      activation_24[0][0]              
__________________________________________________________________________________________________
res4a_branch1 (Conv2D)          (None, None, None, 1 525312      activation_22[0][0]              
__________________________________________________________________________________________________
bn4a_branch2c (BatchNormalizati (None, None, None, 1 4096        res4a_branch2c[0][0]             
__________________________________________________________________________________________________
bn4a_branch1 (BatchNormalizatio (None, None, None, 1 4096        res4a_branch1[0][0]              
__________________________________________________________________________________________________
add_8 (Add)                     (None, None, None, 1 0           bn4a_branch2c[0][0]              
                                                                 bn4a_branch1[0][0]               
__________________________________________________________________________________________________
activation_25 (Activation)      (None, None, None, 1 0           add_8[0][0]                      
__________________________________________________________________________________________________
res4b_branch2a (Conv2D)         (None, None, None, 2 262400      activation_25[0][0]              
__________________________________________________________________________________________________
bn4b_branch2a (BatchNormalizati (None, None, None, 2 1024        res4b_branch2a[0][0]             
__________________________________________________________________________________________________
activation_26 (Activation)      (None, None, None, 2 0           bn4b_branch2a[0][0]              
__________________________________________________________________________________________________
res4b_branch2b (Conv2D)         (None, None, None, 2 590080      activation_26[0][0]              
__________________________________________________________________________________________________
bn4b_branch2b (BatchNormalizati (None, None, None, 2 1024        res4b_branch2b[0][0]             
__________________________________________________________________________________________________
activation_27 (Activation)      (None, None, None, 2 0           bn4b_branch2b[0][0]              
__________________________________________________________________________________________________
res4b_branch2c (Conv2D)         (None, None, None, 1 263168      activation_27[0][0]              
__________________________________________________________________________________________________
bn4b_branch2c (BatchNormalizati (None, None, None, 1 4096        res4b_branch2c[0][0]             
__________________________________________________________________________________________________
add_9 (Add)                     (None, None, None, 1 0           bn4b_branch2c[0][0]              
                                                                 activation_25[0][0]              
__________________________________________________________________________________________________
activation_28 (Activation)      (None, None, None, 1 0           add_9[0][0]                      
__________________________________________________________________________________________________
res4c_branch2a (Conv2D)         (None, None, None, 2 262400      activation_28[0][0]              
__________________________________________________________________________________________________
bn4c_branch2a (BatchNormalizati (None, None, None, 2 1024        res4c_branch2a[0][0]             
__________________________________________________________________________________________________
activation_29 (Activation)      (None, None, None, 2 0           bn4c_branch2a[0][0]              
__________________________________________________________________________________________________
res4c_branch2b (Conv2D)         (None, None, None, 2 590080      activation_29[0][0]              
__________________________________________________________________________________________________
bn4c_branch2b (BatchNormalizati (None, None, None, 2 1024        res4c_branch2b[0][0]             
__________________________________________________________________________________________________
activation_30 (Activation)      (None, None, None, 2 0           bn4c_branch2b[0][0]              
__________________________________________________________________________________________________
res4c_branch2c (Conv2D)         (None, None, None, 1 263168      activation_30[0][0]              
__________________________________________________________________________________________________
bn4c_branch2c (BatchNormalizati (None, None, None, 1 4096        res4c_branch2c[0][0]             
__________________________________________________________________________________________________
add_10 (Add)                    (None, None, None, 1 0           bn4c_branch2c[0][0]              
                                                                 activation_28[0][0]              
__________________________________________________________________________________________________
activation_31 (Activation)      (None, None, None, 1 0           add_10[0][0]                     
__________________________________________________________________________________________________
res4d_branch2a (Conv2D)         (None, None, None, 2 262400      activation_31[0][0]              
__________________________________________________________________________________________________
bn4d_branch2a (BatchNormalizati (None, None, None, 2 1024        res4d_branch2a[0][0]             
__________________________________________________________________________________________________
activation_32 (Activation)      (None, None, None, 2 0           bn4d_branch2a[0][0]              
__________________________________________________________________________________________________
res4d_branch2b (Conv2D)         (None, None, None, 2 590080      activation_32[0][0]              
__________________________________________________________________________________________________
bn4d_branch2b (BatchNormalizati (None, None, None, 2 1024        res4d_branch2b[0][0]             
__________________________________________________________________________________________________
activation_33 (Activation)      (None, None, None, 2 0           bn4d_branch2b[0][0]              
__________________________________________________________________________________________________
res4d_branch2c (Conv2D)         (None, None, None, 1 263168      activation_33[0][0]              
__________________________________________________________________________________________________
bn4d_branch2c (BatchNormalizati (None, None, None, 1 4096        res4d_branch2c[0][0]             
__________________________________________________________________________________________________
add_11 (Add)                    (None, None, None, 1 0           bn4d_branch2c[0][0]              
                                                                 activation_31[0][0]              
__________________________________________________________________________________________________
activation_34 (Activation)      (None, None, None, 1 0           add_11[0][0]                     
__________________________________________________________________________________________________
res4e_branch2a (Conv2D)         (None, None, None, 2 262400      activation_34[0][0]              
__________________________________________________________________________________________________
bn4e_branch2a (BatchNormalizati (None, None, None, 2 1024        res4e_branch2a[0][0]             
__________________________________________________________________________________________________
activation_35 (Activation)      (None, None, None, 2 0           bn4e_branch2a[0][0]              
__________________________________________________________________________________________________
res4e_branch2b (Conv2D)         (None, None, None, 2 590080      activation_35[0][0]              
__________________________________________________________________________________________________
bn4e_branch2b (BatchNormalizati (None, None, None, 2 1024        res4e_branch2b[0][0]             
__________________________________________________________________________________________________
activation_36 (Activation)      (None, None, None, 2 0           bn4e_branch2b[0][0]              
__________________________________________________________________________________________________
res4e_branch2c (Conv2D)         (None, None, None, 1 263168      activation_36[0][0]              
__________________________________________________________________________________________________
bn4e_branch2c (BatchNormalizati (None, None, None, 1 4096        res4e_branch2c[0][0]             
__________________________________________________________________________________________________
add_12 (Add)                    (None, None, None, 1 0           bn4e_branch2c[0][0]              
                                                                 activation_34[0][0]              
__________________________________________________________________________________________________
activation_37 (Activation)      (None, None, None, 1 0           add_12[0][0]                     
__________________________________________________________________________________________________
res4f_branch2a (Conv2D)         (None, None, None, 2 262400      activation_37[0][0]              
__________________________________________________________________________________________________
bn4f_branch2a (BatchNormalizati (None, None, None, 2 1024        res4f_branch2a[0][0]             
__________________________________________________________________________________________________
activation_38 (Activation)      (None, None, None, 2 0           bn4f_branch2a[0][0]              
__________________________________________________________________________________________________
res4f_branch2b (Conv2D)         (None, None, None, 2 590080      activation_38[0][0]              
__________________________________________________________________________________________________
bn4f_branch2b (BatchNormalizati (None, None, None, 2 1024        res4f_branch2b[0][0]             
__________________________________________________________________________________________________
activation_39 (Activation)      (None, None, None, 2 0           bn4f_branch2b[0][0]              
__________________________________________________________________________________________________
res4f_branch2c (Conv2D)         (None, None, None, 1 263168      activation_39[0][0]              
__________________________________________________________________________________________________
bn4f_branch2c (BatchNormalizati (None, None, None, 1 4096        res4f_branch2c[0][0]             
__________________________________________________________________________________________________
add_13 (Add)                    (None, None, None, 1 0           bn4f_branch2c[0][0]              
                                                                 activation_37[0][0]              
__________________________________________________________________________________________________
activation_40 (Activation)      (None, None, None, 1 0           add_13[0][0]                     
__________________________________________________________________________________________________
res5a_branch2a (Conv2D)         (None, None, None, 5 524800      activation_40[0][0]              
__________________________________________________________________________________________________
bn5a_branch2a (BatchNormalizati (None, None, None, 5 2048        res5a_branch2a[0][0]             
__________________________________________________________________________________________________
activation_41 (Activation)      (None, None, None, 5 0           bn5a_branch2a[0][0]              
__________________________________________________________________________________________________
res5a_branch2b (Conv2D)         (None, None, None, 5 2359808     activation_41[0][0]              
__________________________________________________________________________________________________
bn5a_branch2b (BatchNormalizati (None, None, None, 5 2048        res5a_branch2b[0][0]             
__________________________________________________________________________________________________
activation_42 (Activation)      (None, None, None, 5 0           bn5a_branch2b[0][0]              
__________________________________________________________________________________________________
res5a_branch2c (Conv2D)         (None, None, None, 2 1050624     activation_42[0][0]              
__________________________________________________________________________________________________
res5a_branch1 (Conv2D)          (None, None, None, 2 2099200     activation_40[0][0]              
__________________________________________________________________________________________________
bn5a_branch2c (BatchNormalizati (None, None, None, 2 8192        res5a_branch2c[0][0]             
__________________________________________________________________________________________________
bn5a_branch1 (BatchNormalizatio (None, None, None, 2 8192        res5a_branch1[0][0]              
__________________________________________________________________________________________________
add_14 (Add)                    (None, None, None, 2 0           bn5a_branch2c[0][0]              
                                                                 bn5a_branch1[0][0]               
__________________________________________________________________________________________________
activation_43 (Activation)      (None, None, None, 2 0           add_14[0][0]                     
__________________________________________________________________________________________________
res5b_branch2a (Conv2D)         (None, None, None, 5 1049088     activation_43[0][0]              
__________________________________________________________________________________________________
bn5b_branch2a (BatchNormalizati (None, None, None, 5 2048        res5b_branch2a[0][0]             
__________________________________________________________________________________________________
activation_44 (Activation)      (None, None, None, 5 0           bn5b_branch2a[0][0]              
__________________________________________________________________________________________________
res5b_branch2b (Conv2D)         (None, None, None, 5 2359808     activation_44[0][0]              
__________________________________________________________________________________________________
bn5b_branch2b (BatchNormalizati (None, None, None, 5 2048        res5b_branch2b[0][0]             
__________________________________________________________________________________________________
activation_45 (Activation)      (None, None, None, 5 0           bn5b_branch2b[0][0]              
__________________________________________________________________________________________________
res5b_branch2c (Conv2D)         (None, None, None, 2 1050624     activation_45[0][0]              
__________________________________________________________________________________________________
bn5b_branch2c (BatchNormalizati (None, None, None, 2 8192        res5b_branch2c[0][0]             
__________________________________________________________________________________________________
add_15 (Add)                    (None, None, None, 2 0           bn5b_branch2c[0][0]              
                                                                 activation_43[0][0]              
__________________________________________________________________________________________________
activation_46 (Activation)      (None, None, None, 2 0           add_15[0][0]                     
__________________________________________________________________________________________________
res5c_branch2a (Conv2D)         (None, None, None, 5 1049088     activation_46[0][0]              
__________________________________________________________________________________________________
bn5c_branch2a (BatchNormalizati (None, None, None, 5 2048        res5c_branch2a[0][0]             
__________________________________________________________________________________________________
activation_47 (Activation)      (None, None, None, 5 0           bn5c_branch2a[0][0]              
__________________________________________________________________________________________________
res5c_branch2b (Conv2D)         (None, None, None, 5 2359808     activation_47[0][0]              
__________________________________________________________________________________________________
bn5c_branch2b (BatchNormalizati (None, None, None, 5 2048        res5c_branch2b[0][0]             
__________________________________________________________________________________________________
activation_48 (Activation)      (None, None, None, 5 0           bn5c_branch2b[0][0]              
__________________________________________________________________________________________________
res5c_branch2c (Conv2D)         (None, None, None, 2 1050624     activation_48[0][0]              
__________________________________________________________________________________________________
bn5c_branch2c (BatchNormalizati (None, None, None, 2 8192        res5c_branch2c[0][0]             
__________________________________________________________________________________________________
add_16 (Add)                    (None, None, None, 2 0           bn5c_branch2c[0][0]              
                                                                 activation_46[0][0]              
__________________________________________________________________________________________________
activation_49 (Activation)      (None, None, None, 2 0           add_16[0][0]                     
__________________________________________________________________________________________________
conv2d_1 (Conv2D)               (None, None, None, 2 524544      activation_49[0][0]              
__________________________________________________________________________________________________
resize_image_1 (resize_image)   (None, None, None, 2 0           conv2d_1[0][0]                   
__________________________________________________________________________________________________
conv2d_2 (Conv2D)               (None, None, None, 2 262400      activation_37[0][0]              
__________________________________________________________________________________________________
concatenate_1 (Concatenate)     (None, None, None, 5 0           resize_image_1[0][0]             
                                                                 conv2d_2[0][0]                   
__________________________________________________________________________________________________
conv2d_4 (Conv2D)               (None, None, None, 1 589952      concatenate_1[0][0]              
__________________________________________________________________________________________________
batch_normalization_1 (BatchNor (None, None, None, 1 512         conv2d_4[0][0]                   
__________________________________________________________________________________________________
activation_50 (Activation)      (None, None, None, 1 0           batch_normalization_1[0][0]      
__________________________________________________________________________________________________
resize_image_2 (resize_image)   (None, None, None, 1 0           activation_50[0][0]              
__________________________________________________________________________________________________
conv2d_3 (Conv2D)               (None, None, None, 2 131328      activation_19[0][0]              
__________________________________________________________________________________________________
concatenate_2 (Concatenate)     (None, None, None, 3 0           resize_image_2[0][0]             
                                                                 conv2d_3[0][0]                   
__________________________________________________________________________________________________
conv2d_5 (Conv2D)               (None, None, None, 1 442496      concatenate_2[0][0]              
__________________________________________________________________________________________________
batch_normalization_2 (BatchNor (None, None, None, 1 512         conv2d_5[0][0]                   
__________________________________________________________________________________________________
activation_51 (Activation)      (None, None, None, 1 0           batch_normalization_2[0][0]      
__________________________________________________________________________________________________
resize_image_3 (resize_image)   (None, None, None, 1 0           activation_51[0][0]              
__________________________________________________________________________________________________
concatenate_3 (Concatenate)     (None, None, None, 3 0           resize_image_3[0][0]             
                                                                 activation_7[0][0]               
__________________________________________________________________________________________________
conv2d_6 (Conv2D)               (None, None, None, 1 442496      concatenate_3[0][0]              
__________________________________________________________________________________________________
batch_normalization_3 (BatchNor (None, None, None, 1 512         conv2d_6[0][0]                   
__________________________________________________________________________________________________
activation_52 (Activation)      (None, None, None, 1 0           batch_normalization_3[0][0]      
__________________________________________________________________________________________________
resize_image_4 (resize_image)   (None, None, None, 1 0           activation_52[0][0]              
__________________________________________________________________________________________________
concatenate_4 (Concatenate)     (None, None, None, 1 0           resize_image_4[0][0]             
                                                                 activation_1[0][0]               
__________________________________________________________________________________________________
conv2d_7 (Conv2D)               (None, None, None, 1 221312      concatenate_4[0][0]              
__________________________________________________________________________________________________
batch_normalization_4 (BatchNor (None, None, None, 1 512         conv2d_7[0][0]                   
__________________________________________________________________________________________________
resize_image_5 (resize_image)   (None, None, None, 2 0           conv2d_1[0][0]                   
__________________________________________________________________________________________________
resize_image_6 (resize_image)   (None, None, None, 1 0           activation_50[0][0]              
__________________________________________________________________________________________________
resize_image_7 (resize_image)   (None, None, None, 1 0           activation_51[0][0]              
__________________________________________________________________________________________________
resize_image_8 (resize_image)   (None, None, None, 1 0           activation_52[0][0]              
__________________________________________________________________________________________________
activation_53 (Activation)      (None, None, None, 1 0           batch_normalization_4[0][0]      
__________________________________________________________________________________________________
concatenate_5 (Concatenate)     (None, None, None, 7 0           resize_image_5[0][0]             
                                                                 resize_image_6[0][0]             
                                                                 resize_image_7[0][0]             
                                                                 resize_image_8[0][0]             
                                                                 activation_53[0][0]              
__________________________________________________________________________________________________
conv2d_8 (Conv2D)               (None, None, None, 2 1769728     concatenate_5[0][0]              
__________________________________________________________________________________________________
batch_normalization_5 (BatchNor (None, None, None, 2 1024        conv2d_8[0][0]                   
__________________________________________________________________________________________________
activation_54 (Activation)      (None, None, None, 2 0           batch_normalization_5[0][0]      
__________________________________________________________________________________________________
conv2d_9 (Conv2D)               (None, None, None, 6 1542        activation_54[0][0]              
__________________________________________________________________________________________________
resize_image_9 (resize_image)   (None, None, None, 6 0           conv2d_9[0][0]                   
__________________________________________________________________________________________________
activation_55 (Activation)      (None, None, None, 6 0           resize_image_9[0][0]             
==================================================================================================
Total params: 27,976,582
Trainable params: 27,921,926
Non-trainable params: 54,656
__________________________________________________________________________________________________
(None, None)
(None, None)
(None, None)
(None, None)
(None, None)
(None, None)
(None, None)
(None, None)
(None, None)
(None, None)
(None, None)
(None, None)
(None, None)
(None, None)
(None, None)
(None, None)
(None, None)
(None, None)
(None, None)
(None, None)
(None, None)
(None, None)
(None, None)
(None, None)
(None, None)
(None, None)
(None, None)
__________________________________________________________________________________________________
Layer (type)                    Output Shape         Param #     Connected to                     
==================================================================================================
input_1 (InputLayer)            (None, None, None, 3 0                                            
__________________________________________________________________________________________________
lambda_1 (Lambda)               (None, None, None, 3 0           input_1[0][0]                    
__________________________________________________________________________________________________
conv1_pad (ZeroPadding2D)       (None, None, None, 3 0           lambda_1[0][0]                   
__________________________________________________________________________________________________
conv1 (Conv2D)                  (None, None, None, 6 9472        conv1_pad[0][0]                  
__________________________________________________________________________________________________
bn_conv1 (BatchNormalization)   (None, None, None, 6 256         conv1[0][0]                      
__________________________________________________________________________________________________
activation_1 (Activation)       (None, None, None, 6 0           bn_conv1[0][0]                   
__________________________________________________________________________________________________
pool1_pad (ZeroPadding2D)       (None, None, None, 6 0           activation_1[0][0]               
__________________________________________________________________________________________________
max_pooling2d_1 (MaxPooling2D)  (None, None, None, 6 0           pool1_pad[0][0]                  
__________________________________________________________________________________________________
res2a_branch2a (Conv2D)         (None, None, None, 6 4160        max_pooling2d_1[0][0]            
__________________________________________________________________________________________________
bn2a_branch2a (BatchNormalizati (None, None, None, 6 256         res2a_branch2a[0][0]             
__________________________________________________________________________________________________
activation_2 (Activation)       (None, None, None, 6 0           bn2a_branch2a[0][0]              
__________________________________________________________________________________________________
res2a_branch2b (Conv2D)         (None, None, None, 6 36928       activation_2[0][0]               
__________________________________________________________________________________________________
bn2a_branch2b (BatchNormalizati (None, None, None, 6 256         res2a_branch2b[0][0]             
__________________________________________________________________________________________________
activation_3 (Activation)       (None, None, None, 6 0           bn2a_branch2b[0][0]              
__________________________________________________________________________________________________
res2a_branch2c (Conv2D)         (None, None, None, 2 16640       activation_3[0][0]               
__________________________________________________________________________________________________
res2a_branch1 (Conv2D)          (None, None, None, 2 16640       max_pooling2d_1[0][0]            
__________________________________________________________________________________________________
bn2a_branch2c (BatchNormalizati (None, None, None, 2 1024        res2a_branch2c[0][0]             
__________________________________________________________________________________________________
bn2a_branch1 (BatchNormalizatio (None, None, None, 2 1024        res2a_branch1[0][0]              
__________________________________________________________________________________________________
add_1 (Add)                     (None, None, None, 2 0           bn2a_branch2c[0][0]              
                                                                 bn2a_branch1[0][0]               
__________________________________________________________________________________________________
activation_4 (Activation)       (None, None, None, 2 0           add_1[0][0]                      
__________________________________________________________________________________________________
res2b_branch2a (Conv2D)         (None, None, None, 6 16448       activation_4[0][0]               
__________________________________________________________________________________________________
bn2b_branch2a (BatchNormalizati (None, None, None, 6 256         res2b_branch2a[0][0]             
__________________________________________________________________________________________________
activation_5 (Activation)       (None, None, None, 6 0           bn2b_branch2a[0][0]              
__________________________________________________________________________________________________
res2b_branch2b (Conv2D)         (None, None, None, 6 36928       activation_5[0][0]               
__________________________________________________________________________________________________
bn2b_branch2b (BatchNormalizati (None, None, None, 6 256         res2b_branch2b[0][0]             
__________________________________________________________________________________________________
activation_6 (Activation)       (None, None, None, 6 0           bn2b_branch2b[0][0]              
__________________________________________________________________________________________________
res2b_branch2c (Conv2D)         (None, None, None, 2 16640       activation_6[0][0]               
__________________________________________________________________________________________________
bn2b_branch2c (BatchNormalizati (None, None, None, 2 1024        res2b_branch2c[0][0]             
__________________________________________________________________________________________________
add_2 (Add)                     (None, None, None, 2 0           bn2b_branch2c[0][0]              
                                                                 activation_4[0][0]               
__________________________________________________________________________________________________
activation_7 (Activation)       (None, None, None, 2 0           add_2[0][0]                      
__________________________________________________________________________________________________
res2c_branch2a (Conv2D)         (None, None, None, 6 16448       activation_7[0][0]               
__________________________________________________________________________________________________
bn2c_branch2a (BatchNormalizati (None, None, None, 6 256         res2c_branch2a[0][0]             
__________________________________________________________________________________________________
activation_8 (Activation)       (None, None, None, 6 0           bn2c_branch2a[0][0]              
__________________________________________________________________________________________________
res2c_branch2b (Conv2D)         (None, None, None, 6 36928       activation_8[0][0]               
__________________________________________________________________________________________________
bn2c_branch2b (BatchNormalizati (None, None, None, 6 256         res2c_branch2b[0][0]             
__________________________________________________________________________________________________
activation_9 (Activation)       (None, None, None, 6 0           bn2c_branch2b[0][0]              
__________________________________________________________________________________________________
res2c_branch2c (Conv2D)         (None, None, None, 2 16640       activation_9[0][0]               
__________________________________________________________________________________________________
bn2c_branch2c (BatchNormalizati (None, None, None, 2 1024        res2c_branch2c[0][0]             
__________________________________________________________________________________________________
add_3 (Add)                     (None, None, None, 2 0           bn2c_branch2c[0][0]              
                                                                 activation_7[0][0]               
__________________________________________________________________________________________________
activation_10 (Activation)      (None, None, None, 2 0           add_3[0][0]                      
__________________________________________________________________________________________________
res3a_branch2a (Conv2D)         (None, None, None, 1 32896       activation_10[0][0]              
__________________________________________________________________________________________________
bn3a_branch2a (BatchNormalizati (None, None, None, 1 512         res3a_branch2a[0][0]             
__________________________________________________________________________________________________
activation_11 (Activation)      (None, None, None, 1 0           bn3a_branch2a[0][0]              
__________________________________________________________________________________________________
res3a_branch2b (Conv2D)         (None, None, None, 1 147584      activation_11[0][0]              
__________________________________________________________________________________________________
bn3a_branch2b (BatchNormalizati (None, None, None, 1 512         res3a_branch2b[0][0]             
__________________________________________________________________________________________________
activation_12 (Activation)      (None, None, None, 1 0           bn3a_branch2b[0][0]              
__________________________________________________________________________________________________
res3a_branch2c (Conv2D)         (None, None, None, 5 66048       activation_12[0][0]              
__________________________________________________________________________________________________
res3a_branch1 (Conv2D)          (None, None, None, 5 131584      activation_10[0][0]              
__________________________________________________________________________________________________
bn3a_branch2c (BatchNormalizati (None, None, None, 5 2048        res3a_branch2c[0][0]             
__________________________________________________________________________________________________
bn3a_branch1 (BatchNormalizatio (None, None, None, 5 2048        res3a_branch1[0][0]              
__________________________________________________________________________________________________
add_4 (Add)                     (None, None, None, 5 0           bn3a_branch2c[0][0]              
                                                                 bn3a_branch1[0][0]               
__________________________________________________________________________________________________
activation_13 (Activation)      (None, None, None, 5 0           add_4[0][0]                      
__________________________________________________________________________________________________
res3b_branch2a (Conv2D)         (None, None, None, 1 65664       activation_13[0][0]              
__________________________________________________________________________________________________
bn3b_branch2a (BatchNormalizati (None, None, None, 1 512         res3b_branch2a[0][0]             
__________________________________________________________________________________________________
activation_14 (Activation)      (None, None, None, 1 0           bn3b_branch2a[0][0]              
__________________________________________________________________________________________________
res3b_branch2b (Conv2D)         (None, None, None, 1 147584      activation_14[0][0]              
__________________________________________________________________________________________________
bn3b_branch2b (BatchNormalizati (None, None, None, 1 512         res3b_branch2b[0][0]             
__________________________________________________________________________________________________
activation_15 (Activation)      (None, None, None, 1 0           bn3b_branch2b[0][0]              
__________________________________________________________________________________________________
res3b_branch2c (Conv2D)         (None, None, None, 5 66048       activation_15[0][0]              
__________________________________________________________________________________________________
bn3b_branch2c (BatchNormalizati (None, None, None, 5 2048        res3b_branch2c[0][0]             
__________________________________________________________________________________________________
add_5 (Add)                     (None, None, None, 5 0           bn3b_branch2c[0][0]              
                                                                 activation_13[0][0]              
__________________________________________________________________________________________________
activation_16 (Activation)      (None, None, None, 5 0           add_5[0][0]                      
__________________________________________________________________________________________________
res3c_branch2a (Conv2D)         (None, None, None, 1 65664       activation_16[0][0]              
__________________________________________________________________________________________________
bn3c_branch2a (BatchNormalizati (None, None, None, 1 512         res3c_branch2a[0][0]             
__________________________________________________________________________________________________
activation_17 (Activation)      (None, None, None, 1 0           bn3c_branch2a[0][0]              
__________________________________________________________________________________________________
res3c_branch2b (Conv2D)         (None, None, None, 1 147584      activation_17[0][0]              
__________________________________________________________________________________________________
bn3c_branch2b (BatchNormalizati (None, None, None, 1 512         res3c_branch2b[0][0]             
__________________________________________________________________________________________________
activation_18 (Activation)      (None, None, None, 1 0           bn3c_branch2b[0][0]              
__________________________________________________________________________________________________
res3c_branch2c (Conv2D)         (None, None, None, 5 66048       activation_18[0][0]              
__________________________________________________________________________________________________
bn3c_branch2c (BatchNormalizati (None, None, None, 5 2048        res3c_branch2c[0][0]             
__________________________________________________________________________________________________
add_6 (Add)                     (None, None, None, 5 0           bn3c_branch2c[0][0]              
                                                                 activation_16[0][0]              
__________________________________________________________________________________________________
activation_19 (Activation)      (None, None, None, 5 0           add_6[0][0]                      
__________________________________________________________________________________________________
res3d_branch2a (Conv2D)         (None, None, None, 1 65664       activation_19[0][0]              
__________________________________________________________________________________________________
bn3d_branch2a (BatchNormalizati (None, None, None, 1 512         res3d_branch2a[0][0]             
__________________________________________________________________________________________________
activation_20 (Activation)      (None, None, None, 1 0           bn3d_branch2a[0][0]              
__________________________________________________________________________________________________
res3d_branch2b (Conv2D)         (None, None, None, 1 147584      activation_20[0][0]              
__________________________________________________________________________________________________
bn3d_branch2b (BatchNormalizati (None, None, None, 1 512         res3d_branch2b[0][0]             
__________________________________________________________________________________________________
activation_21 (Activation)      (None, None, None, 1 0           bn3d_branch2b[0][0]              
__________________________________________________________________________________________________
res3d_branch2c (Conv2D)         (None, None, None, 5 66048       activation_21[0][0]              
__________________________________________________________________________________________________
bn3d_branch2c (BatchNormalizati (None, None, None, 5 2048        res3d_branch2c[0][0]             
__________________________________________________________________________________________________
add_7 (Add)                     (None, None, None, 5 0           bn3d_branch2c[0][0]              
                                                                 activation_19[0][0]              
__________________________________________________________________________________________________
activation_22 (Activation)      (None, None, None, 5 0           add_7[0][0]                      
__________________________________________________________________________________________________
res4a_branch2a (Conv2D)         (None, None, None, 2 131328      activation_22[0][0]              
__________________________________________________________________________________________________
bn4a_branch2a (BatchNormalizati (None, None, None, 2 1024        res4a_branch2a[0][0]             
__________________________________________________________________________________________________
activation_23 (Activation)      (None, None, None, 2 0           bn4a_branch2a[0][0]              
__________________________________________________________________________________________________
res4a_branch2b (Conv2D)         (None, None, None, 2 590080      activation_23[0][0]              
__________________________________________________________________________________________________
bn4a_branch2b (BatchNormalizati (None, None, None, 2 1024        res4a_branch2b[0][0]             
__________________________________________________________________________________________________
activation_24 (Activation)      (None, None, None, 2 0           bn4a_branch2b[0][0]              
__________________________________________________________________________________________________
res4a_branch2c (Conv2D)         (None, None, None, 1 263168      activation_24[0][0]              
__________________________________________________________________________________________________
res4a_branch1 (Conv2D)          (None, None, None, 1 525312      activation_22[0][0]              
__________________________________________________________________________________________________
bn4a_branch2c (BatchNormalizati (None, None, None, 1 4096        res4a_branch2c[0][0]             
__________________________________________________________________________________________________
bn4a_branch1 (BatchNormalizatio (None, None, None, 1 4096        res4a_branch1[0][0]              
__________________________________________________________________________________________________
add_8 (Add)                     (None, None, None, 1 0           bn4a_branch2c[0][0]              
                                                                 bn4a_branch1[0][0]               
__________________________________________________________________________________________________
activation_25 (Activation)      (None, None, None, 1 0           add_8[0][0]                      
__________________________________________________________________________________________________
res4b_branch2a (Conv2D)         (None, None, None, 2 262400      activation_25[0][0]              
__________________________________________________________________________________________________
bn4b_branch2a (BatchNormalizati (None, None, None, 2 1024        res4b_branch2a[0][0]             
__________________________________________________________________________________________________
activation_26 (Activation)      (None, None, None, 2 0           bn4b_branch2a[0][0]              
__________________________________________________________________________________________________
res4b_branch2b (Conv2D)         (None, None, None, 2 590080      activation_26[0][0]              
__________________________________________________________________________________________________
bn4b_branch2b (BatchNormalizati (None, None, None, 2 1024        res4b_branch2b[0][0]             
__________________________________________________________________________________________________
activation_27 (Activation)      (None, None, None, 2 0           bn4b_branch2b[0][0]              
__________________________________________________________________________________________________
res4b_branch2c (Conv2D)         (None, None, None, 1 263168      activation_27[0][0]              
__________________________________________________________________________________________________
bn4b_branch2c (BatchNormalizati (None, None, None, 1 4096        res4b_branch2c[0][0]             
__________________________________________________________________________________________________
add_9 (Add)                     (None, None, None, 1 0           bn4b_branch2c[0][0]              
                                                                 activation_25[0][0]              
__________________________________________________________________________________________________
activation_28 (Activation)      (None, None, None, 1 0           add_9[0][0]                      
__________________________________________________________________________________________________
res4c_branch2a (Conv2D)         (None, None, None, 2 262400      activation_28[0][0]              
__________________________________________________________________________________________________
bn4c_branch2a (BatchNormalizati (None, None, None, 2 1024        res4c_branch2a[0][0]             
__________________________________________________________________________________________________
activation_29 (Activation)      (None, None, None, 2 0           bn4c_branch2a[0][0]              
__________________________________________________________________________________________________
res4c_branch2b (Conv2D)         (None, None, None, 2 590080      activation_29[0][0]              
__________________________________________________________________________________________________
bn4c_branch2b (BatchNormalizati (None, None, None, 2 1024        res4c_branch2b[0][0]             
__________________________________________________________________________________________________
activation_30 (Activation)      (None, None, None, 2 0           bn4c_branch2b[0][0]              
__________________________________________________________________________________________________
res4c_branch2c (Conv2D)         (None, None, None, 1 263168      activation_30[0][0]              
__________________________________________________________________________________________________
bn4c_branch2c (BatchNormalizati (None, None, None, 1 4096        res4c_branch2c[0][0]             
__________________________________________________________________________________________________
add_10 (Add)                    (None, None, None, 1 0           bn4c_branch2c[0][0]              
                                                                 activation_28[0][0]              
__________________________________________________________________________________________________
activation_31 (Activation)      (None, None, None, 1 0           add_10[0][0]                     
__________________________________________________________________________________________________
res4d_branch2a (Conv2D)         (None, None, None, 2 262400      activation_31[0][0]              
__________________________________________________________________________________________________
bn4d_branch2a (BatchNormalizati (None, None, None, 2 1024        res4d_branch2a[0][0]             
__________________________________________________________________________________________________
activation_32 (Activation)      (None, None, None, 2 0           bn4d_branch2a[0][0]              
__________________________________________________________________________________________________
res4d_branch2b (Conv2D)         (None, None, None, 2 590080      activation_32[0][0]              
__________________________________________________________________________________________________
bn4d_branch2b (BatchNormalizati (None, None, None, 2 1024        res4d_branch2b[0][0]             
__________________________________________________________________________________________________
activation_33 (Activation)      (None, None, None, 2 0           bn4d_branch2b[0][0]              
__________________________________________________________________________________________________
res4d_branch2c (Conv2D)         (None, None, None, 1 263168      activation_33[0][0]              
__________________________________________________________________________________________________
bn4d_branch2c (BatchNormalizati (None, None, None, 1 4096        res4d_branch2c[0][0]             
__________________________________________________________________________________________________
add_11 (Add)                    (None, None, None, 1 0           bn4d_branch2c[0][0]              
                                                                 activation_31[0][0]              
__________________________________________________________________________________________________
activation_34 (Activation)      (None, None, None, 1 0           add_11[0][0]                     
__________________________________________________________________________________________________
res4e_branch2a (Conv2D)         (None, None, None, 2 262400      activation_34[0][0]              
__________________________________________________________________________________________________
bn4e_branch2a (BatchNormalizati (None, None, None, 2 1024        res4e_branch2a[0][0]             
__________________________________________________________________________________________________
activation_35 (Activation)      (None, None, None, 2 0           bn4e_branch2a[0][0]              
__________________________________________________________________________________________________
res4e_branch2b (Conv2D)         (None, None, None, 2 590080      activation_35[0][0]              
__________________________________________________________________________________________________
bn4e_branch2b (BatchNormalizati (None, None, None, 2 1024        res4e_branch2b[0][0]             
__________________________________________________________________________________________________
activation_36 (Activation)      (None, None, None, 2 0           bn4e_branch2b[0][0]              
__________________________________________________________________________________________________
res4e_branch2c (Conv2D)         (None, None, None, 1 263168      activation_36[0][0]              
__________________________________________________________________________________________________
bn4e_branch2c (BatchNormalizati (None, None, None, 1 4096        res4e_branch2c[0][0]             
__________________________________________________________________________________________________
add_12 (Add)                    (None, None, None, 1 0           bn4e_branch2c[0][0]              
                                                                 activation_34[0][0]              
__________________________________________________________________________________________________
activation_37 (Activation)      (None, None, None, 1 0           add_12[0][0]                     
__________________________________________________________________________________________________
res4f_branch2a (Conv2D)         (None, None, None, 2 262400      activation_37[0][0]              
__________________________________________________________________________________________________
bn4f_branch2a (BatchNormalizati (None, None, None, 2 1024        res4f_branch2a[0][0]             
__________________________________________________________________________________________________
activation_38 (Activation)      (None, None, None, 2 0           bn4f_branch2a[0][0]              
__________________________________________________________________________________________________
res4f_branch2b (Conv2D)         (None, None, None, 2 590080      activation_38[0][0]              
__________________________________________________________________________________________________
bn4f_branch2b (BatchNormalizati (None, None, None, 2 1024        res4f_branch2b[0][0]             
__________________________________________________________________________________________________
activation_39 (Activation)      (None, None, None, 2 0           bn4f_branch2b[0][0]              
__________________________________________________________________________________________________
res4f_branch2c (Conv2D)         (None, None, None, 1 263168      activation_39[0][0]              
__________________________________________________________________________________________________
bn4f_branch2c (BatchNormalizati (None, None, None, 1 4096        res4f_branch2c[0][0]             
__________________________________________________________________________________________________
add_13 (Add)                    (None, None, None, 1 0           bn4f_branch2c[0][0]              
                                                                 activation_37[0][0]              
__________________________________________________________________________________________________
activation_40 (Activation)      (None, None, None, 1 0           add_13[0][0]                     
__________________________________________________________________________________________________
res5a_branch2a (Conv2D)         (None, None, None, 5 524800      activation_40[0][0]              
__________________________________________________________________________________________________
bn5a_branch2a (BatchNormalizati (None, None, None, 5 2048        res5a_branch2a[0][0]             
__________________________________________________________________________________________________
activation_41 (Activation)      (None, None, None, 5 0           bn5a_branch2a[0][0]              
__________________________________________________________________________________________________
res5a_branch2b (Conv2D)         (None, None, None, 5 2359808     activation_41[0][0]              
__________________________________________________________________________________________________
bn5a_branch2b (BatchNormalizati (None, None, None, 5 2048        res5a_branch2b[0][0]             
__________________________________________________________________________________________________
activation_42 (Activation)      (None, None, None, 5 0           bn5a_branch2b[0][0]              
__________________________________________________________________________________________________
res5a_branch2c (Conv2D)         (None, None, None, 2 1050624     activation_42[0][0]              
__________________________________________________________________________________________________
res5a_branch1 (Conv2D)          (None, None, None, 2 2099200     activation_40[0][0]              
__________________________________________________________________________________________________
bn5a_branch2c (BatchNormalizati (None, None, None, 2 8192        res5a_branch2c[0][0]             
__________________________________________________________________________________________________
bn5a_branch1 (BatchNormalizatio (None, None, None, 2 8192        res5a_branch1[0][0]              
__________________________________________________________________________________________________
add_14 (Add)                    (None, None, None, 2 0           bn5a_branch2c[0][0]              
                                                                 bn5a_branch1[0][0]               
__________________________________________________________________________________________________
activation_43 (Activation)      (None, None, None, 2 0           add_14[0][0]                     
__________________________________________________________________________________________________
res5b_branch2a (Conv2D)         (None, None, None, 5 1049088     activation_43[0][0]              
__________________________________________________________________________________________________
bn5b_branch2a (BatchNormalizati (None, None, None, 5 2048        res5b_branch2a[0][0]             
__________________________________________________________________________________________________
activation_44 (Activation)      (None, None, None, 5 0           bn5b_branch2a[0][0]              
__________________________________________________________________________________________________
res5b_branch2b (Conv2D)         (None, None, None, 5 2359808     activation_44[0][0]              
__________________________________________________________________________________________________
bn5b_branch2b (BatchNormalizati (None, None, None, 5 2048        res5b_branch2b[0][0]             
__________________________________________________________________________________________________
activation_45 (Activation)      (None, None, None, 5 0           bn5b_branch2b[0][0]              
__________________________________________________________________________________________________
res5b_branch2c (Conv2D)         (None, None, None, 2 1050624     activation_45[0][0]              
__________________________________________________________________________________________________
bn5b_branch2c (BatchNormalizati (None, None, None, 2 8192        res5b_branch2c[0][0]             
__________________________________________________________________________________________________
add_15 (Add)                    (None, None, None, 2 0           bn5b_branch2c[0][0]              
                                                                 activation_43[0][0]              
__________________________________________________________________________________________________
activation_46 (Activation)      (None, None, None, 2 0           add_15[0][0]                     
__________________________________________________________________________________________________
res5c_branch2a (Conv2D)         (None, None, None, 5 1049088     activation_46[0][0]              
__________________________________________________________________________________________________
bn5c_branch2a (BatchNormalizati (None, None, None, 5 2048        res5c_branch2a[0][0]             
__________________________________________________________________________________________________
activation_47 (Activation)      (None, None, None, 5 0           bn5c_branch2a[0][0]              
__________________________________________________________________________________________________
res5c_branch2b (Conv2D)         (None, None, None, 5 2359808     activation_47[0][0]              
__________________________________________________________________________________________________
bn5c_branch2b (BatchNormalizati (None, None, None, 5 2048        res5c_branch2b[0][0]             
__________________________________________________________________________________________________
activation_48 (Activation)      (None, None, None, 5 0           bn5c_branch2b[0][0]              
__________________________________________________________________________________________________
res5c_branch2c (Conv2D)         (None, None, None, 2 1050624     activation_48[0][0]              
__________________________________________________________________________________________________
bn5c_branch2c (BatchNormalizati (None, None, None, 2 8192        res5c_branch2c[0][0]             
__________________________________________________________________________________________________
add_16 (Add)                    (None, None, None, 2 0           bn5c_branch2c[0][0]              
                                                                 activation_46[0][0]              
__________________________________________________________________________________________________
activation_49 (Activation)      (None, None, None, 2 0           add_16[0][0]                     
__________________________________________________________________________________________________
conv2d_1 (Conv2D)               (None, None, None, 2 524544      activation_49[0][0]              
__________________________________________________________________________________________________
resize_image_1 (resize_image)   (None, None, None, 2 0           conv2d_1[0][0]                   
__________________________________________________________________________________________________
conv2d_2 (Conv2D)               (None, None, None, 2 262400      activation_37[0][0]              
__________________________________________________________________________________________________
concatenate_1 (Concatenate)     (None, None, None, 5 0           resize_image_1[0][0]             
                                                                 conv2d_2[0][0]                   
__________________________________________________________________________________________________
conv2d_4 (Conv2D)               (None, None, None, 1 589952      concatenate_1[0][0]              
__________________________________________________________________________________________________
batch_normalization_1 (BatchNor (None, None, None, 1 512         conv2d_4[0][0]                   
__________________________________________________________________________________________________
activation_50 (Activation)      (None, None, None, 1 0           batch_normalization_1[0][0]      
__________________________________________________________________________________________________
resize_image_2 (resize_image)   (None, None, None, 1 0           activation_50[0][0]              
__________________________________________________________________________________________________
conv2d_3 (Conv2D)               (None, None, None, 2 131328      activation_19[0][0]              
__________________________________________________________________________________________________
concatenate_2 (Concatenate)     (None, None, None, 3 0           resize_image_2[0][0]             
                                                                 conv2d_3[0][0]                   
__________________________________________________________________________________________________
conv2d_5 (Conv2D)               (None, None, None, 1 442496      concatenate_2[0][0]              
__________________________________________________________________________________________________
batch_normalization_2 (BatchNor (None, None, None, 1 512         conv2d_5[0][0]                   
__________________________________________________________________________________________________
activation_51 (Activation)      (None, None, None, 1 0           batch_normalization_2[0][0]      
__________________________________________________________________________________________________
resize_image_3 (resize_image)   (None, None, None, 1 0           activation_51[0][0]              
__________________________________________________________________________________________________
concatenate_3 (Concatenate)     (None, None, None, 3 0           resize_image_3[0][0]             
                                                                 activation_7[0][0]               
__________________________________________________________________________________________________
conv2d_6 (Conv2D)               (None, None, None, 1 442496      concatenate_3[0][0]              
__________________________________________________________________________________________________
batch_normalization_3 (BatchNor (None, None, None, 1 512         conv2d_6[0][0]                   
__________________________________________________________________________________________________
activation_52 (Activation)      (None, None, None, 1 0           batch_normalization_3[0][0]      
__________________________________________________________________________________________________
resize_image_4 (resize_image)   (None, None, None, 1 0           activation_52[0][0]              
__________________________________________________________________________________________________
concatenate_4 (Concatenate)     (None, None, None, 1 0           resize_image_4[0][0]             
                                                                 activation_1[0][0]               
__________________________________________________________________________________________________
conv2d_7 (Conv2D)               (None, None, None, 1 221312      concatenate_4[0][0]              
__________________________________________________________________________________________________
batch_normalization_4 (BatchNor (None, None, None, 1 512         conv2d_7[0][0]                   
__________________________________________________________________________________________________
resize_image_5 (resize_image)   (None, None, None, 2 0           conv2d_1[0][0]                   
__________________________________________________________________________________________________
resize_image_6 (resize_image)   (None, None, None, 1 0           activation_50[0][0]              
__________________________________________________________________________________________________
resize_image_7 (resize_image)   (None, None, None, 1 0           activation_51[0][0]              
__________________________________________________________________________________________________
resize_image_8 (resize_image)   (None, None, None, 1 0           activation_52[0][0]              
__________________________________________________________________________________________________
activation_53 (Activation)      (None, None, None, 1 0           batch_normalization_4[0][0]      
__________________________________________________________________________________________________
concatenate_5 (Concatenate)     (None, None, None, 7 0           resize_image_5[0][0]             
                                                                 resize_image_6[0][0]             
                                                                 resize_image_7[0][0]             
                                                                 resize_image_8[0][0]             
                                                                 activation_53[0][0]              
__________________________________________________________________________________________________
conv2d_8 (Conv2D)               (None, None, None, 2 1769728     concatenate_5[0][0]              
__________________________________________________________________________________________________
batch_normalization_5 (BatchNor (None, None, None, 2 1024        conv2d_8[0][0]                   
__________________________________________________________________________________________________
activation_54 (Activation)      (None, None, None, 2 0           batch_normalization_5[0][0]      
__________________________________________________________________________________________________
conv2d_9 (Conv2D)               (None, None, None, 6 1542        activation_54[0][0]              
__________________________________________________________________________________________________
resize_image_9 (resize_image)   (None, None, None, 6 0           conv2d_9[0][0]                   
__________________________________________________________________________________________________
activation_55 (Activation)      (None, None, None, 6 0           resize_image_9[0][0]             
==================================================================================================
Total params: 27,976,582
Trainable params: 27,921,926
Non-trainable params: 54,656
__________________________________________________________________________________________________
(None, None)
(None, None)
(None, None)
(None, None)
(None, None)
(None, None)
(None, None)
(None, None)
(None, None)
(None, None)
(None, None)
(None, None)
(None, None)
(None, None)
(None, None)
(None, None)
(None, None)
(None, None)
